Started GET "/" for 172.19.0.1 at 2020-04-27 23:38:35 +0000
Cannot render console from 172.19.0.1! Allowed networks: 127.0.0.1, ::1, 127.0.0.0/127.255.255.255
Processing by Rails::WelcomeController#index as HTML
  Rendering /usr/local/bundle/gems/railties-5.1.7/lib/rails/templates/rails/welcome/index.html.erb
  Rendered /usr/local/bundle/gems/railties-5.1.7/lib/rails/templates/rails/welcome/index.html.erb (2.6ms)
Completed 200 OK in 372ms (Views: 14.1ms)


Started GET "/" for 172.19.0.1 at 2020-04-27 23:38:36 +0000
Cannot render console from 172.19.0.1! Allowed networks: 127.0.0.1, ::1, 127.0.0.0/127.255.255.255
Processing by Rails::WelcomeController#index as */*
  Rendering /usr/local/bundle/gems/railties-5.1.7/lib/rails/templates/rails/welcome/index.html.erb
  Rendered /usr/local/bundle/gems/railties-5.1.7/lib/rails/templates/rails/welcome/index.html.erb (2.6ms)
Completed 200 OK in 38ms (Views: 28.1ms)


  [1m[35m (14.3ms)[0m  [1m[35mCREATE TABLE "schema_migrations" ("version" character varying NOT NULL PRIMARY KEY)[0m
  [1m[35m (10.1ms)[0m  [1m[35mCREATE TABLE "ar_internal_metadata" ("key" character varying NOT NULL PRIMARY KEY, "value" character varying, "created_at" timestamp NOT NULL, "updated_at" timestamp NOT NULL)[0m
  [1m[35m (0.4ms)[0m  [1m[34mSELECT pg_try_advisory_lock(3773394759575715750)[0m
  [1m[35m (0.9ms)[0m  [1m[34mSELECT "schema_migrations"."version" FROM "schema_migrations" ORDER BY "schema_migrations"."version" ASC[0m
Migrating to CreateHamburguesas (20200427234500)
  [1m[35m (0.3ms)[0m  [1m[35mBEGIN[0m
  [1m[35m (9.7ms)[0m  [1m[35mCREATE TABLE "hamburguesas" ("id" bigserial primary key, "nombre" character varying, "precio" integer, "descripcion" text, "created_at" timestamp NOT NULL, "updated_at" timestamp NOT NULL)[0m
  [1m[35mSQL (1.6ms)[0m  [1m[32mINSERT INTO "schema_migrations" ("version") VALUES ($1) RETURNING "version"[0m  [["version", "20200427234500"]]
  [1m[35m (3.4ms)[0m  [1m[35mCOMMIT[0m
Migrating to CreateIngredientes (20200427234550)
  [1m[35m (0.2ms)[0m  [1m[35mBEGIN[0m
  [1m[35m (7.7ms)[0m  [1m[35mCREATE TABLE "ingredientes" ("id" bigserial primary key, "nombre" character varying, "descripcion" text, "created_at" timestamp NOT NULL, "updated_at" timestamp NOT NULL)[0m
  [1m[35mSQL (0.5ms)[0m  [1m[32mINSERT INTO "schema_migrations" ("version") VALUES ($1) RETURNING "version"[0m  [["version", "20200427234550"]]
  [1m[35m (1.3ms)[0m  [1m[35mCOMMIT[0m
Migrating to CreateHamburguesaIngredientes (20200427235646)
  [1m[35m (0.2ms)[0m  [1m[35mBEGIN[0m
  [1m[35m (5.8ms)[0m  [1m[35mCREATE TABLE "hamburguesa_ingredientes" ("id" bigserial primary key, "id_hamburguesa" integer, "id_ingrediente" integer, "created_at" timestamp NOT NULL, "updated_at" timestamp NOT NULL)[0m
  [1m[35mSQL (0.7ms)[0m  [1m[32mINSERT INTO "schema_migrations" ("version") VALUES ($1) RETURNING "version"[0m  [["version", "20200427235646"]]
  [1m[35m (1.5ms)[0m  [1m[35mCOMMIT[0m
  [1m[36mActiveRecord::InternalMetadata Load (0.4ms)[0m  [1m[34mSELECT  "ar_internal_metadata".* FROM "ar_internal_metadata" WHERE "ar_internal_metadata"."key" = $1 LIMIT $2[0m  [["key", "environment"], ["LIMIT", 1]]
  [1m[35m (0.2ms)[0m  [1m[35mBEGIN[0m
  [1m[35mSQL (3.9ms)[0m  [1m[32mINSERT INTO "ar_internal_metadata" ("key", "value", "created_at", "updated_at") VALUES ($1, $2, $3, $4) RETURNING "key"[0m  [["key", "environment"], ["value", "development"], ["created_at", "2020-04-28 00:03:32.940055"], ["updated_at", "2020-04-28 00:03:32.940055"]]
  [1m[35m (1.3ms)[0m  [1m[35mCOMMIT[0m
  [1m[35m (0.3ms)[0m  [1m[34mSELECT pg_advisory_unlock(3773394759575715750)[0m
  [1m[35m (0.3ms)[0m  [1m[34mSELECT "schema_migrations"."version" FROM "schema_migrations" ORDER BY "schema_migrations"."version" ASC[0m
Started GET "/routes" for 172.19.0.1 at 2020-04-28 00:07:26 +0000
Cannot render console from 172.19.0.1! Allowed networks: 127.0.0.1, ::1, 127.0.0.0/127.255.255.255
  [1m[35m (0.9ms)[0m  [1m[34mSELECT "schema_migrations"."version" FROM "schema_migrations" ORDER BY "schema_migrations"."version" ASC[0m
  
ActionController::RoutingError (No route matches [GET] "/routes"):
  
actionpack (5.1.7) lib/action_dispatch/middleware/debug_exceptions.rb:63:in `call'
web-console (3.7.0) lib/web_console/middleware.rb:135:in `call_app'
web-console (3.7.0) lib/web_console/middleware.rb:22:in `block in call'
web-console (3.7.0) lib/web_console/middleware.rb:20:in `catch'
web-console (3.7.0) lib/web_console/middleware.rb:20:in `call'
actionpack (5.1.7) lib/action_dispatch/middleware/show_exceptions.rb:31:in `call'
railties (5.1.7) lib/rails/rack/logger.rb:36:in `call_app'
railties (5.1.7) lib/rails/rack/logger.rb:24:in `block in call'
activesupport (5.1.7) lib/active_support/tagged_logging.rb:69:in `block in tagged'
activesupport (5.1.7) lib/active_support/tagged_logging.rb:26:in `tagged'
activesupport (5.1.7) lib/active_support/tagged_logging.rb:69:in `tagged'
railties (5.1.7) lib/rails/rack/logger.rb:24:in `call'
sprockets-rails (3.2.1) lib/sprockets/rails/quiet_assets.rb:13:in `call'
actionpack (5.1.7) lib/action_dispatch/middleware/remote_ip.rb:79:in `call'
actionpack (5.1.7) lib/action_dispatch/middleware/request_id.rb:25:in `call'
rack (2.2.2) lib/rack/method_override.rb:24:in `call'
rack (2.2.2) lib/rack/runtime.rb:22:in `call'
activesupport (5.1.7) lib/active_support/cache/strategy/local_cache_middleware.rb:27:in `call'
actionpack (5.1.7) lib/action_dispatch/middleware/executor.rb:12:in `call'
actionpack (5.1.7) lib/action_dispatch/middleware/static.rb:125:in `call'
rack (2.2.2) lib/rack/sendfile.rb:110:in `call'
railties (5.1.7) lib/rails/engine.rb:522:in `call'
puma (3.12.4) lib/puma/configuration.rb:227:in `call'
puma (3.12.4) lib/puma/server.rb:675:in `handle_request'
puma (3.12.4) lib/puma/server.rb:476:in `process_client'
puma (3.12.4) lib/puma/server.rb:334:in `block in run'
puma (3.12.4) lib/puma/thread_pool.rb:135:in `block in spawn_thread'
Started GET "/routes" for 172.19.0.1 at 2020-04-28 00:07:26 +0000
Cannot render console from 172.19.0.1! Allowed networks: 127.0.0.1, ::1, 127.0.0.0/127.255.255.255
  
ActionController::RoutingError (No route matches [GET] "/routes"):
  
actionpack (5.1.7) lib/action_dispatch/middleware/debug_exceptions.rb:63:in `call'
web-console (3.7.0) lib/web_console/middleware.rb:135:in `call_app'
web-console (3.7.0) lib/web_console/middleware.rb:22:in `block in call'
web-console (3.7.0) lib/web_console/middleware.rb:20:in `catch'
web-console (3.7.0) lib/web_console/middleware.rb:20:in `call'
actionpack (5.1.7) lib/action_dispatch/middleware/show_exceptions.rb:31:in `call'
railties (5.1.7) lib/rails/rack/logger.rb:36:in `call_app'
railties (5.1.7) lib/rails/rack/logger.rb:24:in `block in call'
activesupport (5.1.7) lib/active_support/tagged_logging.rb:69:in `block in tagged'
activesupport (5.1.7) lib/active_support/tagged_logging.rb:26:in `tagged'
activesupport (5.1.7) lib/active_support/tagged_logging.rb:69:in `tagged'
railties (5.1.7) lib/rails/rack/logger.rb:24:in `call'
sprockets-rails (3.2.1) lib/sprockets/rails/quiet_assets.rb:13:in `call'
actionpack (5.1.7) lib/action_dispatch/middleware/remote_ip.rb:79:in `call'
actionpack (5.1.7) lib/action_dispatch/middleware/request_id.rb:25:in `call'
rack (2.2.2) lib/rack/method_override.rb:24:in `call'
rack (2.2.2) lib/rack/runtime.rb:22:in `call'
activesupport (5.1.7) lib/active_support/cache/strategy/local_cache_middleware.rb:27:in `call'
actionpack (5.1.7) lib/action_dispatch/middleware/executor.rb:12:in `call'
actionpack (5.1.7) lib/action_dispatch/middleware/static.rb:125:in `call'
rack (2.2.2) lib/rack/sendfile.rb:110:in `call'
railties (5.1.7) lib/rails/engine.rb:522:in `call'
puma (3.12.4) lib/puma/configuration.rb:227:in `call'
puma (3.12.4) lib/puma/server.rb:675:in `handle_request'
puma (3.12.4) lib/puma/server.rb:476:in `process_client'
puma (3.12.4) lib/puma/server.rb:334:in `block in run'
puma (3.12.4) lib/puma/thread_pool.rb:135:in `block in spawn_thread'
Started GET "/" for 172.19.0.1 at 2020-04-28 00:07:43 +0000
Cannot render console from 172.19.0.1! Allowed networks: 127.0.0.1, ::1, 127.0.0.0/127.255.255.255
Processing by Rails::WelcomeController#index as */*
  Rendering /usr/local/bundle/gems/railties-5.1.7/lib/rails/templates/rails/welcome/index.html.erb
  Rendered /usr/local/bundle/gems/railties-5.1.7/lib/rails/templates/rails/welcome/index.html.erb (2.1ms)
Completed 200 OK in 30ms (Views: 20.5ms | ActiveRecord: 0.0ms)


  [1m[35m (10.6ms)[0m  [1m[35mCREATE TABLE "schema_migrations" ("version" character varying NOT NULL PRIMARY KEY)[0m
  [1m[35m (6.6ms)[0m  [1m[35mCREATE TABLE "ar_internal_metadata" ("key" character varying NOT NULL PRIMARY KEY, "value" character varying, "created_at" timestamp NOT NULL, "updated_at" timestamp NOT NULL)[0m
  [1m[35m (0.2ms)[0m  [1m[34mSELECT pg_try_advisory_lock(3773394759575715750)[0m
  [1m[35m (0.4ms)[0m  [1m[34mSELECT "schema_migrations"."version" FROM "schema_migrations" ORDER BY "schema_migrations"."version" ASC[0m
Migrating to CreateHamburguesas (20200427234500)
  [1m[35m (0.2ms)[0m  [1m[35mBEGIN[0m
  [1m[35m (5.7ms)[0m  [1m[35mCREATE TABLE "hamburguesas" ("id" bigserial primary key, "nombre" character varying, "precio" integer, "descripcion" text, "created_at" timestamp NOT NULL, "updated_at" timestamp NOT NULL)[0m
  [1m[35mSQL (7.2ms)[0m  [1m[32mINSERT INTO "schema_migrations" ("version") VALUES ($1) RETURNING "version"[0m  [["version", "20200427234500"]]
  [1m[35m (1.1ms)[0m  [1m[35mCOMMIT[0m
Migrating to CreateIngredientes (20200427234550)
  [1m[35m (0.1ms)[0m  [1m[35mBEGIN[0m
  [1m[35m (5.4ms)[0m  [1m[35mCREATE TABLE "ingredientes" ("id" bigserial primary key, "nombre" character varying, "descripcion" text, "created_at" timestamp NOT NULL, "updated_at" timestamp NOT NULL)[0m
  [1m[35mSQL (0.5ms)[0m  [1m[32mINSERT INTO "schema_migrations" ("version") VALUES ($1) RETURNING "version"[0m  [["version", "20200427234550"]]
  [1m[35m (1.1ms)[0m  [1m[35mCOMMIT[0m
Migrating to CreateHamburguesaIngredientes (20200427235646)
  [1m[35m (0.2ms)[0m  [1m[35mBEGIN[0m
  [1m[35m (4.7ms)[0m  [1m[35mCREATE TABLE "hamburguesa_ingredientes" ("id" bigserial primary key, "id_hamburguesa" integer, "id_ingrediente" integer, "created_at" timestamp NOT NULL, "updated_at" timestamp NOT NULL)[0m
  [1m[35mSQL (0.3ms)[0m  [1m[32mINSERT INTO "schema_migrations" ("version") VALUES ($1) RETURNING "version"[0m  [["version", "20200427235646"]]
  [1m[35m (1.0ms)[0m  [1m[35mCOMMIT[0m
  [1m[36mActiveRecord::InternalMetadata Load (0.3ms)[0m  [1m[34mSELECT  "ar_internal_metadata".* FROM "ar_internal_metadata" WHERE "ar_internal_metadata"."key" = $1 LIMIT $2[0m  [["key", "environment"], ["LIMIT", 1]]
  [1m[35m (6.0ms)[0m  [1m[35mBEGIN[0m
  [1m[35mSQL (0.5ms)[0m  [1m[32mINSERT INTO "ar_internal_metadata" ("key", "value", "created_at", "updated_at") VALUES ($1, $2, $3, $4) RETURNING "key"[0m  [["key", "environment"], ["value", "development"], ["created_at", "2020-04-28 01:00:07.909850"], ["updated_at", "2020-04-28 01:00:07.909850"]]
  [1m[35m (2.7ms)[0m  [1m[35mCOMMIT[0m
  [1m[35m (0.4ms)[0m  [1m[34mSELECT pg_advisory_unlock(3773394759575715750)[0m
  [1m[35m (0.3ms)[0m  [1m[34mSELECT "schema_migrations"."version" FROM "schema_migrations" ORDER BY "schema_migrations"."version" ASC[0m
Started GET "/" for 172.21.0.1 at 2020-04-28 01:04:08 +0000
Cannot render console from 172.21.0.1! Allowed networks: 127.0.0.1, ::1, 127.0.0.0/127.255.255.255
  [1m[35m (3.4ms)[0m  [1m[34mSELECT "schema_migrations"."version" FROM "schema_migrations" ORDER BY "schema_migrations"."version" ASC[0m
  
ActionController::RoutingError (uninitialized constant WelcomeController):
  
activesupport (5.1.7) lib/active_support/inflector/methods.rb:269:in `const_get'
activesupport (5.1.7) lib/active_support/inflector/methods.rb:269:in `block in constantize'
activesupport (5.1.7) lib/active_support/inflector/methods.rb:267:in `each'
activesupport (5.1.7) lib/active_support/inflector/methods.rb:267:in `inject'
activesupport (5.1.7) lib/active_support/inflector/methods.rb:267:in `constantize'
actionpack (5.1.7) lib/action_dispatch/http/request.rb:85:in `controller_class_for'
actionpack (5.1.7) lib/action_dispatch/http/request.rb:78:in `controller_class'
actionpack (5.1.7) lib/action_dispatch/routing/route_set.rb:43:in `controller'
actionpack (5.1.7) lib/action_dispatch/routing/route_set.rb:29:in `serve'
actionpack (5.1.7) lib/action_dispatch/journey/router.rb:50:in `block in serve'
actionpack (5.1.7) lib/action_dispatch/journey/router.rb:33:in `each'
actionpack (5.1.7) lib/action_dispatch/journey/router.rb:33:in `serve'
actionpack (5.1.7) lib/action_dispatch/routing/route_set.rb:844:in `call'
rack (2.2.2) lib/rack/etag.rb:27:in `call'
rack (2.2.2) lib/rack/conditional_get.rb:27:in `call'
rack (2.2.2) lib/rack/head.rb:12:in `call'
rack (2.2.2) lib/rack/session/abstract/id.rb:266:in `context'
rack (2.2.2) lib/rack/session/abstract/id.rb:260:in `call'
actionpack (5.1.7) lib/action_dispatch/middleware/cookies.rb:613:in `call'
activerecord (5.1.7) lib/active_record/migration.rb:556:in `call'
actionpack (5.1.7) lib/action_dispatch/middleware/callbacks.rb:26:in `block in call'
activesupport (5.1.7) lib/active_support/callbacks.rb:97:in `run_callbacks'
actionpack (5.1.7) lib/action_dispatch/middleware/callbacks.rb:24:in `call'
actionpack (5.1.7) lib/action_dispatch/middleware/executor.rb:12:in `call'
actionpack (5.1.7) lib/action_dispatch/middleware/debug_exceptions.rb:59:in `call'
web-console (3.7.0) lib/web_console/middleware.rb:135:in `call_app'
web-console (3.7.0) lib/web_console/middleware.rb:22:in `block in call'
web-console (3.7.0) lib/web_console/middleware.rb:20:in `catch'
web-console (3.7.0) lib/web_console/middleware.rb:20:in `call'
actionpack (5.1.7) lib/action_dispatch/middleware/show_exceptions.rb:31:in `call'
railties (5.1.7) lib/rails/rack/logger.rb:36:in `call_app'
railties (5.1.7) lib/rails/rack/logger.rb:24:in `block in call'
activesupport (5.1.7) lib/active_support/tagged_logging.rb:69:in `block in tagged'
activesupport (5.1.7) lib/active_support/tagged_logging.rb:26:in `tagged'
activesupport (5.1.7) lib/active_support/tagged_logging.rb:69:in `tagged'
railties (5.1.7) lib/rails/rack/logger.rb:24:in `call'
sprockets-rails (3.2.1) lib/sprockets/rails/quiet_assets.rb:13:in `call'
actionpack (5.1.7) lib/action_dispatch/middleware/remote_ip.rb:79:in `call'
actionpack (5.1.7) lib/action_dispatch/middleware/request_id.rb:25:in `call'
rack (2.2.2) lib/rack/method_override.rb:24:in `call'
rack (2.2.2) lib/rack/runtime.rb:22:in `call'
activesupport (5.1.7) lib/active_support/cache/strategy/local_cache_middleware.rb:27:in `call'
actionpack (5.1.7) lib/action_dispatch/middleware/executor.rb:12:in `call'
actionpack (5.1.7) lib/action_dispatch/middleware/static.rb:125:in `call'
rack (2.2.2) lib/rack/sendfile.rb:110:in `call'
railties (5.1.7) lib/rails/engine.rb:522:in `call'
puma (3.12.4) lib/puma/configuration.rb:227:in `call'
puma (3.12.4) lib/puma/server.rb:675:in `handle_request'
puma (3.12.4) lib/puma/server.rb:476:in `process_client'
puma (3.12.4) lib/puma/server.rb:334:in `block in run'
puma (3.12.4) lib/puma/thread_pool.rb:135:in `block in spawn_thread'
Started GET "/" for 172.21.0.1 at 2020-04-28 01:04:09 +0000
Cannot render console from 172.21.0.1! Allowed networks: 127.0.0.1, ::1, 127.0.0.0/127.255.255.255
  
ActionController::RoutingError (uninitialized constant WelcomeController):
  
activesupport (5.1.7) lib/active_support/inflector/methods.rb:269:in `const_get'
activesupport (5.1.7) lib/active_support/inflector/methods.rb:269:in `block in constantize'
activesupport (5.1.7) lib/active_support/inflector/methods.rb:267:in `each'
activesupport (5.1.7) lib/active_support/inflector/methods.rb:267:in `inject'
activesupport (5.1.7) lib/active_support/inflector/methods.rb:267:in `constantize'
actionpack (5.1.7) lib/action_dispatch/http/request.rb:85:in `controller_class_for'
actionpack (5.1.7) lib/action_dispatch/http/request.rb:78:in `controller_class'
actionpack (5.1.7) lib/action_dispatch/routing/route_set.rb:43:in `controller'
actionpack (5.1.7) lib/action_dispatch/routing/route_set.rb:29:in `serve'
actionpack (5.1.7) lib/action_dispatch/journey/router.rb:50:in `block in serve'
actionpack (5.1.7) lib/action_dispatch/journey/router.rb:33:in `each'
actionpack (5.1.7) lib/action_dispatch/journey/router.rb:33:in `serve'
actionpack (5.1.7) lib/action_dispatch/routing/route_set.rb:844:in `call'
rack (2.2.2) lib/rack/etag.rb:27:in `call'
rack (2.2.2) lib/rack/conditional_get.rb:27:in `call'
rack (2.2.2) lib/rack/head.rb:12:in `call'
rack (2.2.2) lib/rack/session/abstract/id.rb:266:in `context'
rack (2.2.2) lib/rack/session/abstract/id.rb:260:in `call'
actionpack (5.1.7) lib/action_dispatch/middleware/cookies.rb:613:in `call'
activerecord (5.1.7) lib/active_record/migration.rb:556:in `call'
actionpack (5.1.7) lib/action_dispatch/middleware/callbacks.rb:26:in `block in call'
activesupport (5.1.7) lib/active_support/callbacks.rb:97:in `run_callbacks'
actionpack (5.1.7) lib/action_dispatch/middleware/callbacks.rb:24:in `call'
actionpack (5.1.7) lib/action_dispatch/middleware/executor.rb:12:in `call'
actionpack (5.1.7) lib/action_dispatch/middleware/debug_exceptions.rb:59:in `call'
web-console (3.7.0) lib/web_console/middleware.rb:135:in `call_app'
web-console (3.7.0) lib/web_console/middleware.rb:22:in `block in call'
web-console (3.7.0) lib/web_console/middleware.rb:20:in `catch'
web-console (3.7.0) lib/web_console/middleware.rb:20:in `call'
actionpack (5.1.7) lib/action_dispatch/middleware/show_exceptions.rb:31:in `call'
railties (5.1.7) lib/rails/rack/logger.rb:36:in `call_app'
railties (5.1.7) lib/rails/rack/logger.rb:24:in `block in call'
activesupport (5.1.7) lib/active_support/tagged_logging.rb:69:in `block in tagged'
activesupport (5.1.7) lib/active_support/tagged_logging.rb:26:in `tagged'
activesupport (5.1.7) lib/active_support/tagged_logging.rb:69:in `tagged'
railties (5.1.7) lib/rails/rack/logger.rb:24:in `call'
sprockets-rails (3.2.1) lib/sprockets/rails/quiet_assets.rb:13:in `call'
actionpack (5.1.7) lib/action_dispatch/middleware/remote_ip.rb:79:in `call'
actionpack (5.1.7) lib/action_dispatch/middleware/request_id.rb:25:in `call'
rack (2.2.2) lib/rack/method_override.rb:24:in `call'
rack (2.2.2) lib/rack/runtime.rb:22:in `call'
activesupport (5.1.7) lib/active_support/cache/strategy/local_cache_middleware.rb:27:in `call'
actionpack (5.1.7) lib/action_dispatch/middleware/executor.rb:12:in `call'
actionpack (5.1.7) lib/action_dispatch/middleware/static.rb:125:in `call'
rack (2.2.2) lib/rack/sendfile.rb:110:in `call'
railties (5.1.7) lib/rails/engine.rb:522:in `call'
puma (3.12.4) lib/puma/configuration.rb:227:in `call'
puma (3.12.4) lib/puma/server.rb:675:in `handle_request'
puma (3.12.4) lib/puma/server.rb:476:in `process_client'
puma (3.12.4) lib/puma/server.rb:334:in `block in run'
puma (3.12.4) lib/puma/thread_pool.rb:135:in `block in spawn_thread'
Started GET "/" for 172.21.0.1 at 2020-04-28 01:50:30 +0000
Cannot render console from 172.21.0.1! Allowed networks: 127.0.0.1, ::1, 127.0.0.0/127.255.255.255
  
ActionController::RoutingError (uninitialized constant WelcomeController):
  
activesupport (5.1.7) lib/active_support/inflector/methods.rb:269:in `const_get'
activesupport (5.1.7) lib/active_support/inflector/methods.rb:269:in `block in constantize'
activesupport (5.1.7) lib/active_support/inflector/methods.rb:267:in `each'
activesupport (5.1.7) lib/active_support/inflector/methods.rb:267:in `inject'
activesupport (5.1.7) lib/active_support/inflector/methods.rb:267:in `constantize'
actionpack (5.1.7) lib/action_dispatch/http/request.rb:85:in `controller_class_for'
actionpack (5.1.7) lib/action_dispatch/http/request.rb:78:in `controller_class'
actionpack (5.1.7) lib/action_dispatch/routing/route_set.rb:43:in `controller'
actionpack (5.1.7) lib/action_dispatch/routing/route_set.rb:29:in `serve'
actionpack (5.1.7) lib/action_dispatch/journey/router.rb:50:in `block in serve'
actionpack (5.1.7) lib/action_dispatch/journey/router.rb:33:in `each'
actionpack (5.1.7) lib/action_dispatch/journey/router.rb:33:in `serve'
actionpack (5.1.7) lib/action_dispatch/routing/route_set.rb:844:in `call'
rack (2.2.2) lib/rack/etag.rb:27:in `call'
rack (2.2.2) lib/rack/conditional_get.rb:27:in `call'
rack (2.2.2) lib/rack/head.rb:12:in `call'
rack (2.2.2) lib/rack/session/abstract/id.rb:266:in `context'
rack (2.2.2) lib/rack/session/abstract/id.rb:260:in `call'
actionpack (5.1.7) lib/action_dispatch/middleware/cookies.rb:613:in `call'
activerecord (5.1.7) lib/active_record/migration.rb:556:in `call'
actionpack (5.1.7) lib/action_dispatch/middleware/callbacks.rb:26:in `block in call'
activesupport (5.1.7) lib/active_support/callbacks.rb:97:in `run_callbacks'
actionpack (5.1.7) lib/action_dispatch/middleware/callbacks.rb:24:in `call'
actionpack (5.1.7) lib/action_dispatch/middleware/executor.rb:12:in `call'
actionpack (5.1.7) lib/action_dispatch/middleware/debug_exceptions.rb:59:in `call'
web-console (3.7.0) lib/web_console/middleware.rb:135:in `call_app'
web-console (3.7.0) lib/web_console/middleware.rb:22:in `block in call'
web-console (3.7.0) lib/web_console/middleware.rb:20:in `catch'
web-console (3.7.0) lib/web_console/middleware.rb:20:in `call'
actionpack (5.1.7) lib/action_dispatch/middleware/show_exceptions.rb:31:in `call'
railties (5.1.7) lib/rails/rack/logger.rb:36:in `call_app'
railties (5.1.7) lib/rails/rack/logger.rb:24:in `block in call'
activesupport (5.1.7) lib/active_support/tagged_logging.rb:69:in `block in tagged'
activesupport (5.1.7) lib/active_support/tagged_logging.rb:26:in `tagged'
activesupport (5.1.7) lib/active_support/tagged_logging.rb:69:in `tagged'
railties (5.1.7) lib/rails/rack/logger.rb:24:in `call'
sprockets-rails (3.2.1) lib/sprockets/rails/quiet_assets.rb:13:in `call'
actionpack (5.1.7) lib/action_dispatch/middleware/remote_ip.rb:79:in `call'
actionpack (5.1.7) lib/action_dispatch/middleware/request_id.rb:25:in `call'
rack (2.2.2) lib/rack/method_override.rb:24:in `call'
rack (2.2.2) lib/rack/runtime.rb:22:in `call'
activesupport (5.1.7) lib/active_support/cache/strategy/local_cache_middleware.rb:27:in `call'
actionpack (5.1.7) lib/action_dispatch/middleware/executor.rb:12:in `call'
actionpack (5.1.7) lib/action_dispatch/middleware/static.rb:125:in `call'
rack (2.2.2) lib/rack/sendfile.rb:110:in `call'
railties (5.1.7) lib/rails/engine.rb:522:in `call'
puma (3.12.4) lib/puma/configuration.rb:227:in `call'
puma (3.12.4) lib/puma/server.rb:675:in `handle_request'
puma (3.12.4) lib/puma/server.rb:476:in `process_client'
puma (3.12.4) lib/puma/server.rb:334:in `block in run'
puma (3.12.4) lib/puma/thread_pool.rb:135:in `block in spawn_thread'
Started GET "/" for 172.21.0.1 at 2020-04-28 01:50:30 +0000
Cannot render console from 172.21.0.1! Allowed networks: 127.0.0.1, ::1, 127.0.0.0/127.255.255.255
  
ActionController::RoutingError (uninitialized constant WelcomeController):
  
activesupport (5.1.7) lib/active_support/inflector/methods.rb:269:in `const_get'
activesupport (5.1.7) lib/active_support/inflector/methods.rb:269:in `block in constantize'
activesupport (5.1.7) lib/active_support/inflector/methods.rb:267:in `each'
activesupport (5.1.7) lib/active_support/inflector/methods.rb:267:in `inject'
activesupport (5.1.7) lib/active_support/inflector/methods.rb:267:in `constantize'
actionpack (5.1.7) lib/action_dispatch/http/request.rb:85:in `controller_class_for'
actionpack (5.1.7) lib/action_dispatch/http/request.rb:78:in `controller_class'
actionpack (5.1.7) lib/action_dispatch/routing/route_set.rb:43:in `controller'
actionpack (5.1.7) lib/action_dispatch/routing/route_set.rb:29:in `serve'
actionpack (5.1.7) lib/action_dispatch/journey/router.rb:50:in `block in serve'
actionpack (5.1.7) lib/action_dispatch/journey/router.rb:33:in `each'
actionpack (5.1.7) lib/action_dispatch/journey/router.rb:33:in `serve'
actionpack (5.1.7) lib/action_dispatch/routing/route_set.rb:844:in `call'
rack (2.2.2) lib/rack/etag.rb:27:in `call'
rack (2.2.2) lib/rack/conditional_get.rb:27:in `call'
rack (2.2.2) lib/rack/head.rb:12:in `call'
rack (2.2.2) lib/rack/session/abstract/id.rb:266:in `context'
rack (2.2.2) lib/rack/session/abstract/id.rb:260:in `call'
actionpack (5.1.7) lib/action_dispatch/middleware/cookies.rb:613:in `call'
activerecord (5.1.7) lib/active_record/migration.rb:556:in `call'
actionpack (5.1.7) lib/action_dispatch/middleware/callbacks.rb:26:in `block in call'
activesupport (5.1.7) lib/active_support/callbacks.rb:97:in `run_callbacks'
actionpack (5.1.7) lib/action_dispatch/middleware/callbacks.rb:24:in `call'
actionpack (5.1.7) lib/action_dispatch/middleware/executor.rb:12:in `call'
actionpack (5.1.7) lib/action_dispatch/middleware/debug_exceptions.rb:59:in `call'
web-console (3.7.0) lib/web_console/middleware.rb:135:in `call_app'
web-console (3.7.0) lib/web_console/middleware.rb:22:in `block in call'
web-console (3.7.0) lib/web_console/middleware.rb:20:in `catch'
web-console (3.7.0) lib/web_console/middleware.rb:20:in `call'
actionpack (5.1.7) lib/action_dispatch/middleware/show_exceptions.rb:31:in `call'
railties (5.1.7) lib/rails/rack/logger.rb:36:in `call_app'
railties (5.1.7) lib/rails/rack/logger.rb:24:in `block in call'
activesupport (5.1.7) lib/active_support/tagged_logging.rb:69:in `block in tagged'
activesupport (5.1.7) lib/active_support/tagged_logging.rb:26:in `tagged'
activesupport (5.1.7) lib/active_support/tagged_logging.rb:69:in `tagged'
railties (5.1.7) lib/rails/rack/logger.rb:24:in `call'
sprockets-rails (3.2.1) lib/sprockets/rails/quiet_assets.rb:13:in `call'
actionpack (5.1.7) lib/action_dispatch/middleware/remote_ip.rb:79:in `call'
actionpack (5.1.7) lib/action_dispatch/middleware/request_id.rb:25:in `call'
rack (2.2.2) lib/rack/method_override.rb:24:in `call'
rack (2.2.2) lib/rack/runtime.rb:22:in `call'
activesupport (5.1.7) lib/active_support/cache/strategy/local_cache_middleware.rb:27:in `call'
actionpack (5.1.7) lib/action_dispatch/middleware/executor.rb:12:in `call'
actionpack (5.1.7) lib/action_dispatch/middleware/static.rb:125:in `call'
rack (2.2.2) lib/rack/sendfile.rb:110:in `call'
railties (5.1.7) lib/rails/engine.rb:522:in `call'
puma (3.12.4) lib/puma/configuration.rb:227:in `call'
puma (3.12.4) lib/puma/server.rb:675:in `handle_request'
puma (3.12.4) lib/puma/server.rb:476:in `process_client'
puma (3.12.4) lib/puma/server.rb:334:in `block in run'
puma (3.12.4) lib/puma/thread_pool.rb:135:in `block in spawn_thread'
Started GET "/" for 172.21.0.1 at 2020-04-28 01:51:05 +0000
Cannot render console from 172.21.0.1! Allowed networks: 127.0.0.1, ::1, 127.0.0.0/127.255.255.255
  [1m[35m (0.4ms)[0m  [1m[34mSELECT "schema_migrations"."version" FROM "schema_migrations" ORDER BY "schema_migrations"."version" ASC[0m
  
ActionController::RoutingError (uninitialized constant WelcomeController):
  
activesupport (5.1.7) lib/active_support/inflector/methods.rb:269:in `const_get'
activesupport (5.1.7) lib/active_support/inflector/methods.rb:269:in `block in constantize'
activesupport (5.1.7) lib/active_support/inflector/methods.rb:267:in `each'
activesupport (5.1.7) lib/active_support/inflector/methods.rb:267:in `inject'
activesupport (5.1.7) lib/active_support/inflector/methods.rb:267:in `constantize'
actionpack (5.1.7) lib/action_dispatch/http/request.rb:85:in `controller_class_for'
actionpack (5.1.7) lib/action_dispatch/http/request.rb:78:in `controller_class'
actionpack (5.1.7) lib/action_dispatch/routing/route_set.rb:43:in `controller'
actionpack (5.1.7) lib/action_dispatch/routing/route_set.rb:29:in `serve'
actionpack (5.1.7) lib/action_dispatch/journey/router.rb:50:in `block in serve'
actionpack (5.1.7) lib/action_dispatch/journey/router.rb:33:in `each'
actionpack (5.1.7) lib/action_dispatch/journey/router.rb:33:in `serve'
actionpack (5.1.7) lib/action_dispatch/routing/route_set.rb:844:in `call'
rack (2.2.2) lib/rack/etag.rb:27:in `call'
rack (2.2.2) lib/rack/conditional_get.rb:27:in `call'
rack (2.2.2) lib/rack/head.rb:12:in `call'
rack (2.2.2) lib/rack/session/abstract/id.rb:266:in `context'
rack (2.2.2) lib/rack/session/abstract/id.rb:260:in `call'
actionpack (5.1.7) lib/action_dispatch/middleware/cookies.rb:613:in `call'
activerecord (5.1.7) lib/active_record/migration.rb:556:in `call'
actionpack (5.1.7) lib/action_dispatch/middleware/callbacks.rb:26:in `block in call'
activesupport (5.1.7) lib/active_support/callbacks.rb:97:in `run_callbacks'
actionpack (5.1.7) lib/action_dispatch/middleware/callbacks.rb:24:in `call'
actionpack (5.1.7) lib/action_dispatch/middleware/executor.rb:12:in `call'
actionpack (5.1.7) lib/action_dispatch/middleware/debug_exceptions.rb:59:in `call'
web-console (3.7.0) lib/web_console/middleware.rb:135:in `call_app'
web-console (3.7.0) lib/web_console/middleware.rb:22:in `block in call'
web-console (3.7.0) lib/web_console/middleware.rb:20:in `catch'
web-console (3.7.0) lib/web_console/middleware.rb:20:in `call'
actionpack (5.1.7) lib/action_dispatch/middleware/show_exceptions.rb:31:in `call'
railties (5.1.7) lib/rails/rack/logger.rb:36:in `call_app'
railties (5.1.7) lib/rails/rack/logger.rb:24:in `block in call'
activesupport (5.1.7) lib/active_support/tagged_logging.rb:69:in `block in tagged'
activesupport (5.1.7) lib/active_support/tagged_logging.rb:26:in `tagged'
activesupport (5.1.7) lib/active_support/tagged_logging.rb:69:in `tagged'
railties (5.1.7) lib/rails/rack/logger.rb:24:in `call'
sprockets-rails (3.2.1) lib/sprockets/rails/quiet_assets.rb:13:in `call'
actionpack (5.1.7) lib/action_dispatch/middleware/remote_ip.rb:79:in `call'
actionpack (5.1.7) lib/action_dispatch/middleware/request_id.rb:25:in `call'
rack (2.2.2) lib/rack/method_override.rb:24:in `call'
rack (2.2.2) lib/rack/runtime.rb:22:in `call'
activesupport (5.1.7) lib/active_support/cache/strategy/local_cache_middleware.rb:27:in `call'
actionpack (5.1.7) lib/action_dispatch/middleware/executor.rb:12:in `call'
actionpack (5.1.7) lib/action_dispatch/middleware/static.rb:125:in `call'
rack (2.2.2) lib/rack/sendfile.rb:110:in `call'
railties (5.1.7) lib/rails/engine.rb:522:in `call'
puma (3.12.4) lib/puma/configuration.rb:227:in `call'
puma (3.12.4) lib/puma/server.rb:675:in `handle_request'
puma (3.12.4) lib/puma/server.rb:476:in `process_client'
puma (3.12.4) lib/puma/server.rb:334:in `block in run'
puma (3.12.4) lib/puma/thread_pool.rb:135:in `block in spawn_thread'
Started GET "/" for 172.21.0.1 at 2020-04-28 01:51:06 +0000
Cannot render console from 172.21.0.1! Allowed networks: 127.0.0.1, ::1, 127.0.0.0/127.255.255.255
  
ActionController::RoutingError (uninitialized constant WelcomeController):
  
activesupport (5.1.7) lib/active_support/inflector/methods.rb:269:in `const_get'
activesupport (5.1.7) lib/active_support/inflector/methods.rb:269:in `block in constantize'
activesupport (5.1.7) lib/active_support/inflector/methods.rb:267:in `each'
activesupport (5.1.7) lib/active_support/inflector/methods.rb:267:in `inject'
activesupport (5.1.7) lib/active_support/inflector/methods.rb:267:in `constantize'
actionpack (5.1.7) lib/action_dispatch/http/request.rb:85:in `controller_class_for'
actionpack (5.1.7) lib/action_dispatch/http/request.rb:78:in `controller_class'
actionpack (5.1.7) lib/action_dispatch/routing/route_set.rb:43:in `controller'
actionpack (5.1.7) lib/action_dispatch/routing/route_set.rb:29:in `serve'
actionpack (5.1.7) lib/action_dispatch/journey/router.rb:50:in `block in serve'
actionpack (5.1.7) lib/action_dispatch/journey/router.rb:33:in `each'
actionpack (5.1.7) lib/action_dispatch/journey/router.rb:33:in `serve'
actionpack (5.1.7) lib/action_dispatch/routing/route_set.rb:844:in `call'
rack (2.2.2) lib/rack/etag.rb:27:in `call'
rack (2.2.2) lib/rack/conditional_get.rb:27:in `call'
rack (2.2.2) lib/rack/head.rb:12:in `call'
rack (2.2.2) lib/rack/session/abstract/id.rb:266:in `context'
rack (2.2.2) lib/rack/session/abstract/id.rb:260:in `call'
actionpack (5.1.7) lib/action_dispatch/middleware/cookies.rb:613:in `call'
activerecord (5.1.7) lib/active_record/migration.rb:556:in `call'
actionpack (5.1.7) lib/action_dispatch/middleware/callbacks.rb:26:in `block in call'
activesupport (5.1.7) lib/active_support/callbacks.rb:97:in `run_callbacks'
actionpack (5.1.7) lib/action_dispatch/middleware/callbacks.rb:24:in `call'
actionpack (5.1.7) lib/action_dispatch/middleware/executor.rb:12:in `call'
actionpack (5.1.7) lib/action_dispatch/middleware/debug_exceptions.rb:59:in `call'
web-console (3.7.0) lib/web_console/middleware.rb:135:in `call_app'
web-console (3.7.0) lib/web_console/middleware.rb:22:in `block in call'
web-console (3.7.0) lib/web_console/middleware.rb:20:in `catch'
web-console (3.7.0) lib/web_console/middleware.rb:20:in `call'
actionpack (5.1.7) lib/action_dispatch/middleware/show_exceptions.rb:31:in `call'
railties (5.1.7) lib/rails/rack/logger.rb:36:in `call_app'
railties (5.1.7) lib/rails/rack/logger.rb:24:in `block in call'
activesupport (5.1.7) lib/active_support/tagged_logging.rb:69:in `block in tagged'
activesupport (5.1.7) lib/active_support/tagged_logging.rb:26:in `tagged'
activesupport (5.1.7) lib/active_support/tagged_logging.rb:69:in `tagged'
railties (5.1.7) lib/rails/rack/logger.rb:24:in `call'
sprockets-rails (3.2.1) lib/sprockets/rails/quiet_assets.rb:13:in `call'
actionpack (5.1.7) lib/action_dispatch/middleware/remote_ip.rb:79:in `call'
actionpack (5.1.7) lib/action_dispatch/middleware/request_id.rb:25:in `call'
rack (2.2.2) lib/rack/method_override.rb:24:in `call'
rack (2.2.2) lib/rack/runtime.rb:22:in `call'
activesupport (5.1.7) lib/active_support/cache/strategy/local_cache_middleware.rb:27:in `call'
actionpack (5.1.7) lib/action_dispatch/middleware/executor.rb:12:in `call'
actionpack (5.1.7) lib/action_dispatch/middleware/static.rb:125:in `call'
rack (2.2.2) lib/rack/sendfile.rb:110:in `call'
railties (5.1.7) lib/rails/engine.rb:522:in `call'
puma (3.12.4) lib/puma/configuration.rb:227:in `call'
puma (3.12.4) lib/puma/server.rb:675:in `handle_request'
puma (3.12.4) lib/puma/server.rb:476:in `process_client'
puma (3.12.4) lib/puma/server.rb:334:in `block in run'
puma (3.12.4) lib/puma/thread_pool.rb:135:in `block in spawn_thread'
Started GET "/" for 172.21.0.1 at 2020-04-28 01:54:55 +0000
Cannot render console from 172.21.0.1! Allowed networks: 127.0.0.1, ::1, 127.0.0.0/127.255.255.255
  [1m[35m (0.3ms)[0m  [1m[34mSELECT "schema_migrations"."version" FROM "schema_migrations" ORDER BY "schema_migrations"."version" ASC[0m
Processing by WelcomeController#index as HTML
  Rendering welcome/index.html.erb within layouts/application
  Rendered welcome/index.html.erb within layouts/application (0.5ms)
Completed 200 OK in 608ms (Views: 600.6ms | ActiveRecord: 0.0ms)


Started GET "/" for 172.21.0.1 at 2020-04-28 01:54:56 +0000
Cannot render console from 172.21.0.1! Allowed networks: 127.0.0.1, ::1, 127.0.0.0/127.255.255.255
Processing by WelcomeController#index as */*
  Rendering welcome/index.html.erb within layouts/application
  Rendered welcome/index.html.erb within layouts/application (0.4ms)
Completed 200 OK in 36ms (Views: 33.4ms | ActiveRecord: 0.0ms)


Started GET "/" for 172.21.0.1 at 2020-04-28 01:55:17 +0000
Cannot render console from 172.21.0.1! Allowed networks: 127.0.0.1, ::1, 127.0.0.0/127.255.255.255
Processing by WelcomeController#index as HTML
  Rendering welcome/index.html.erb within layouts/application
  Rendered welcome/index.html.erb within layouts/application (0.2ms)
Completed 200 OK in 27ms (Views: 26.5ms | ActiveRecord: 0.0ms)


Started GET "/" for 172.21.0.1 at 2020-04-28 01:55:17 +0000
Cannot render console from 172.21.0.1! Allowed networks: 127.0.0.1, ::1, 127.0.0.0/127.255.255.255
Processing by WelcomeController#index as */*
  Rendering welcome/index.html.erb within layouts/application
  Rendered welcome/index.html.erb within layouts/application (0.3ms)
Completed 200 OK in 46ms (Views: 44.0ms | ActiveRecord: 0.0ms)


Started GET "/hamburguesas" for 172.21.0.1 at 2020-04-28 02:01:47 +0000
Cannot render console from 172.21.0.1! Allowed networks: 127.0.0.1, ::1, 127.0.0.0/127.255.255.255
Processing by HamburguesasController#index as HTML
Completed 500 Internal Server Error in 17ms (ActiveRecord: 3.2ms)


  
NameError (undefined local variable or method `through' for #<Class:0x00007f1c8164b028>):
  
app/models/hamburguesa.rb:3:in `<class:Hamburguesa>'
app/models/hamburguesa.rb:1:in `<top (required)>'
app/controllers/hamburguesas_controller.rb:7:in `index'
Started GET "/hamburguesas" for 172.21.0.1 at 2020-04-28 02:01:47 +0000
Cannot render console from 172.21.0.1! Allowed networks: 127.0.0.1, ::1, 127.0.0.0/127.255.255.255
Processing by HamburguesasController#index as */*
Completed 500 Internal Server Error in 3ms (ActiveRecord: 0.0ms)


  
NameError (undefined local variable or method `through' for #<Class:0x00007f1c826c9cb0>):
  
app/models/hamburguesa.rb:3:in `<class:Hamburguesa>'
app/models/hamburguesa.rb:1:in `<top (required)>'
app/controllers/hamburguesas_controller.rb:7:in `index'
Started GET "/hamburguesa" for 172.21.0.1 at 2020-04-28 02:01:57 +0000
Cannot render console from 172.21.0.1! Allowed networks: 127.0.0.1, ::1, 127.0.0.0/127.255.255.255
  
ActionController::RoutingError (No route matches [GET] "/hamburguesa"):
  
actionpack (5.1.7) lib/action_dispatch/middleware/debug_exceptions.rb:63:in `call'
web-console (3.7.0) lib/web_console/middleware.rb:135:in `call_app'
web-console (3.7.0) lib/web_console/middleware.rb:22:in `block in call'
web-console (3.7.0) lib/web_console/middleware.rb:20:in `catch'
web-console (3.7.0) lib/web_console/middleware.rb:20:in `call'
actionpack (5.1.7) lib/action_dispatch/middleware/show_exceptions.rb:31:in `call'
railties (5.1.7) lib/rails/rack/logger.rb:36:in `call_app'
railties (5.1.7) lib/rails/rack/logger.rb:24:in `block in call'
activesupport (5.1.7) lib/active_support/tagged_logging.rb:69:in `block in tagged'
activesupport (5.1.7) lib/active_support/tagged_logging.rb:26:in `tagged'
activesupport (5.1.7) lib/active_support/tagged_logging.rb:69:in `tagged'
railties (5.1.7) lib/rails/rack/logger.rb:24:in `call'
sprockets-rails (3.2.1) lib/sprockets/rails/quiet_assets.rb:13:in `call'
actionpack (5.1.7) lib/action_dispatch/middleware/remote_ip.rb:79:in `call'
actionpack (5.1.7) lib/action_dispatch/middleware/request_id.rb:25:in `call'
rack (2.2.2) lib/rack/method_override.rb:24:in `call'
rack (2.2.2) lib/rack/runtime.rb:22:in `call'
activesupport (5.1.7) lib/active_support/cache/strategy/local_cache_middleware.rb:27:in `call'
actionpack (5.1.7) lib/action_dispatch/middleware/executor.rb:12:in `call'
actionpack (5.1.7) lib/action_dispatch/middleware/static.rb:125:in `call'
rack (2.2.2) lib/rack/sendfile.rb:110:in `call'
railties (5.1.7) lib/rails/engine.rb:522:in `call'
puma (3.12.4) lib/puma/configuration.rb:227:in `call'
puma (3.12.4) lib/puma/server.rb:675:in `handle_request'
puma (3.12.4) lib/puma/server.rb:476:in `process_client'
puma (3.12.4) lib/puma/server.rb:334:in `block in run'
puma (3.12.4) lib/puma/thread_pool.rb:135:in `block in spawn_thread'
Started GET "/hamburguesa" for 172.21.0.1 at 2020-04-28 02:01:57 +0000
Cannot render console from 172.21.0.1! Allowed networks: 127.0.0.1, ::1, 127.0.0.0/127.255.255.255
  
ActionController::RoutingError (No route matches [GET] "/hamburguesa"):
  
actionpack (5.1.7) lib/action_dispatch/middleware/debug_exceptions.rb:63:in `call'
web-console (3.7.0) lib/web_console/middleware.rb:135:in `call_app'
web-console (3.7.0) lib/web_console/middleware.rb:22:in `block in call'
web-console (3.7.0) lib/web_console/middleware.rb:20:in `catch'
web-console (3.7.0) lib/web_console/middleware.rb:20:in `call'
actionpack (5.1.7) lib/action_dispatch/middleware/show_exceptions.rb:31:in `call'
railties (5.1.7) lib/rails/rack/logger.rb:36:in `call_app'
railties (5.1.7) lib/rails/rack/logger.rb:24:in `block in call'
activesupport (5.1.7) lib/active_support/tagged_logging.rb:69:in `block in tagged'
activesupport (5.1.7) lib/active_support/tagged_logging.rb:26:in `tagged'
activesupport (5.1.7) lib/active_support/tagged_logging.rb:69:in `tagged'
railties (5.1.7) lib/rails/rack/logger.rb:24:in `call'
sprockets-rails (3.2.1) lib/sprockets/rails/quiet_assets.rb:13:in `call'
actionpack (5.1.7) lib/action_dispatch/middleware/remote_ip.rb:79:in `call'
actionpack (5.1.7) lib/action_dispatch/middleware/request_id.rb:25:in `call'
rack (2.2.2) lib/rack/method_override.rb:24:in `call'
rack (2.2.2) lib/rack/runtime.rb:22:in `call'
activesupport (5.1.7) lib/active_support/cache/strategy/local_cache_middleware.rb:27:in `call'
actionpack (5.1.7) lib/action_dispatch/middleware/executor.rb:12:in `call'
actionpack (5.1.7) lib/action_dispatch/middleware/static.rb:125:in `call'
rack (2.2.2) lib/rack/sendfile.rb:110:in `call'
railties (5.1.7) lib/rails/engine.rb:522:in `call'
puma (3.12.4) lib/puma/configuration.rb:227:in `call'
puma (3.12.4) lib/puma/server.rb:675:in `handle_request'
puma (3.12.4) lib/puma/server.rb:476:in `process_client'
puma (3.12.4) lib/puma/server.rb:334:in `block in run'
puma (3.12.4) lib/puma/thread_pool.rb:135:in `block in spawn_thread'
Started GET "/hamburguesas" for 172.21.0.1 at 2020-04-28 02:02:57 +0000
Cannot render console from 172.21.0.1! Allowed networks: 127.0.0.1, ::1, 127.0.0.0/127.255.255.255
Processing by HamburguesasController#index as HTML
Completed 500 Internal Server Error in 2ms (ActiveRecord: 0.0ms)


  
NameError (undefined local variable or method `through' for #<Class:0x00007f1c8230a430>):
  
app/models/hamburguesa.rb:3:in `<class:Hamburguesa>'
app/models/hamburguesa.rb:1:in `<top (required)>'
app/controllers/hamburguesas_controller.rb:7:in `index'
Started GET "/hamburguesas" for 172.21.0.1 at 2020-04-28 02:02:57 +0000
Cannot render console from 172.21.0.1! Allowed networks: 127.0.0.1, ::1, 127.0.0.0/127.255.255.255
Processing by HamburguesasController#index as */*
Completed 500 Internal Server Error in 2ms (ActiveRecord: 0.0ms)


  
NameError (undefined local variable or method `through' for #<Class:0x0000559b16b02140>):
  
app/models/hamburguesa.rb:3:in `<class:Hamburguesa>'
app/models/hamburguesa.rb:1:in `<top (required)>'
app/controllers/hamburguesas_controller.rb:7:in `index'
Started GET "/hamburguesas" for 172.21.0.1 at 2020-04-28 02:03:59 +0000
Cannot render console from 172.21.0.1! Allowed networks: 127.0.0.1, ::1, 127.0.0.0/127.255.255.255
Processing by HamburguesasController#index as HTML
  Rendering hamburguesas/index.html.erb within layouts/application
  [1m[36mHamburguesa Load (0.4ms)[0m  [1m[34mSELECT "hamburguesas".* FROM "hamburguesas"[0m
  Rendered hamburguesas/index.html.erb within layouts/application (4.6ms)
Completed 200 OK in 31ms (Views: 25.2ms | ActiveRecord: 2.8ms)


Started GET "/hamburguesas" for 172.21.0.1 at 2020-04-28 02:03:59 +0000
Cannot render console from 172.21.0.1! Allowed networks: 127.0.0.1, ::1, 127.0.0.0/127.255.255.255
Processing by HamburguesasController#index as */*
  Rendering hamburguesas/index.html.erb within layouts/application
  [1m[36mHamburguesa Load (0.2ms)[0m  [1m[34mSELECT "hamburguesas".* FROM "hamburguesas"[0m
  Rendered hamburguesas/index.html.erb within layouts/application (6.7ms)
Completed 200 OK in 46ms (Views: 43.0ms | ActiveRecord: 0.2ms)


Started GET "/hamburguesas/new" for 172.21.0.1 at 2020-04-28 02:05:04 +0000
Cannot render console from 172.21.0.1! Allowed networks: 127.0.0.1, ::1, 127.0.0.0/127.255.255.255
Processing by HamburguesasController#new as HTML
  Rendering hamburguesas/new.html.erb within layouts/application
  Rendered hamburguesas/_form.html.erb (11.2ms)
  Rendered hamburguesas/new.html.erb within layouts/application (14.0ms)
Completed 200 OK in 46ms (Views: 37.2ms | ActiveRecord: 4.8ms)


Started GET "/hamburguesas" for 172.21.0.1 at 2020-04-28 02:05:04 +0000
Cannot render console from 172.21.0.1! Allowed networks: 127.0.0.1, ::1, 127.0.0.0/127.255.255.255
Processing by HamburguesasController#index as */*
  Rendering hamburguesas/index.html.erb within layouts/application
  [1m[36mHamburguesa Load (0.2ms)[0m  [1m[34mSELECT "hamburguesas".* FROM "hamburguesas"[0m
  Rendered hamburguesas/index.html.erb within layouts/application (3.3ms)
Completed 200 OK in 32ms (Views: 28.9ms | ActiveRecord: 0.2ms)


Started POST "/hamburguesas" for 172.21.0.1 at 2020-04-28 02:05:29 +0000
Cannot render console from 172.21.0.1! Allowed networks: 127.0.0.1, ::1, 127.0.0.0/127.255.255.255
Processing by HamburguesasController#create as HTML
  Parameters: {"utf8"=>"✓", "authenticity_token"=>"UiuT7SSh5U9E+pO7LlPcgu2m/B4D/7+D+GjOhSMD15Qwj2t0dwiR2GcOrX98W7yLN3+YX2PJS/BJIfWd0GaOZg==", "hamburguesa"=>{"nombre"=>"cheese burger", "precio"=>"3990", "descripcion"=>"hamburguesa con queso y tomate"}, "commit"=>"Create Hamburguesa"}
  [1m[35m (0.1ms)[0m  [1m[35mBEGIN[0m
  [1m[35mSQL (4.9ms)[0m  [1m[32mINSERT INTO "hamburguesas" ("nombre", "precio", "descripcion", "created_at", "updated_at") VALUES ($1, $2, $3, $4, $5) RETURNING "id"[0m  [["nombre", "cheese burger"], ["precio", 3990], ["descripcion", "hamburguesa con queso y tomate"], ["created_at", "2020-04-28 02:05:29.539965"], ["updated_at", "2020-04-28 02:05:29.539965"]]
  [1m[35m (1.0ms)[0m  [1m[35mCOMMIT[0m
Redirected to http://localhost:3000/hamburguesas/1
Completed 302 Found in 12ms (ActiveRecord: 6.0ms)


Started GET "/hamburguesas/1" for 172.21.0.1 at 2020-04-28 02:05:29 +0000
Cannot render console from 172.21.0.1! Allowed networks: 127.0.0.1, ::1, 127.0.0.0/127.255.255.255
Processing by HamburguesasController#show as HTML
  Parameters: {"id"=>"1"}
  [1m[36mHamburguesa Load (0.2ms)[0m  [1m[34mSELECT  "hamburguesas".* FROM "hamburguesas" WHERE "hamburguesas"."id" = $1 LIMIT $2[0m  [["id", 1], ["LIMIT", 1]]
  Rendering hamburguesas/show.html.erb within layouts/application
  Rendered hamburguesas/show.html.erb within layouts/application (0.5ms)
Completed 200 OK in 23ms (Views: 17.8ms | ActiveRecord: 0.3ms)


Started GET "/hamburguesas/1" for 172.21.0.1 at 2020-04-28 02:05:29 +0000
Cannot render console from 172.21.0.1! Allowed networks: 127.0.0.1, ::1, 127.0.0.0/127.255.255.255
Processing by HamburguesasController#show as */*
  Parameters: {"id"=>"1"}
  [1m[36mHamburguesa Load (0.2ms)[0m  [1m[34mSELECT  "hamburguesas".* FROM "hamburguesas" WHERE "hamburguesas"."id" = $1 LIMIT $2[0m  [["id", 1], ["LIMIT", 1]]
  Rendering hamburguesas/show.html.erb within layouts/application
  Rendered hamburguesas/show.html.erb within layouts/application (1.6ms)
Completed 200 OK in 25ms (Views: 22.0ms | ActiveRecord: 0.2ms)


Started GET "/hamburguesas" for 172.21.0.1 at 2020-04-28 02:05:33 +0000
Cannot render console from 172.21.0.1! Allowed networks: 127.0.0.1, ::1, 127.0.0.0/127.255.255.255
Processing by HamburguesasController#index as HTML
  Rendering hamburguesas/index.html.erb within layouts/application
  [1m[36mHamburguesa Load (0.2ms)[0m  [1m[34mSELECT "hamburguesas".* FROM "hamburguesas"[0m
  Rendered hamburguesas/index.html.erb within layouts/application (4.6ms)
Completed 200 OK in 25ms (Views: 24.0ms | ActiveRecord: 0.2ms)


Started GET "/hamburguesas" for 172.21.0.1 at 2020-04-28 02:05:33 +0000
Cannot render console from 172.21.0.1! Allowed networks: 127.0.0.1, ::1, 127.0.0.0/127.255.255.255
Processing by HamburguesasController#index as */*
  Rendering hamburguesas/index.html.erb within layouts/application
  [1m[36mHamburguesa Load (0.2ms)[0m  [1m[34mSELECT "hamburguesas".* FROM "hamburguesas"[0m
  Rendered hamburguesas/index.html.erb within layouts/application (10.7ms)
Completed 200 OK in 37ms (Views: 34.9ms | ActiveRecord: 0.2ms)


Started GET "/hamburguesas" for 172.21.0.1 at 2020-04-28 02:07:05 +0000
Cannot render console from 172.21.0.1! Allowed networks: 127.0.0.1, ::1, 127.0.0.0/127.255.255.255
Processing by HamburguesasController#index as HTML
  Rendering hamburguesas/index.html.erb within layouts/application
  [1m[36mHamburguesa Load (0.2ms)[0m  [1m[34mSELECT "hamburguesas".* FROM "hamburguesas"[0m
  Rendered hamburguesas/index.html.erb within layouts/application (3.6ms)
Completed 200 OK in 35ms (Views: 30.9ms | ActiveRecord: 0.2ms)


Started GET "/hamburguesas" for 172.21.0.1 at 2020-04-28 02:07:06 +0000
Cannot render console from 172.21.0.1! Allowed networks: 127.0.0.1, ::1, 127.0.0.0/127.255.255.255
Processing by HamburguesasController#index as */*
  Rendering hamburguesas/index.html.erb within layouts/application
  [1m[36mHamburguesa Load (0.2ms)[0m  [1m[34mSELECT "hamburguesas".* FROM "hamburguesas"[0m
  Rendered hamburguesas/index.html.erb within layouts/application (1.5ms)
Completed 200 OK in 29ms (Views: 26.0ms | ActiveRecord: 0.2ms)


Started GET "/hamburguesas" for 172.21.0.1 at 2020-04-28 02:07:08 +0000
Cannot render console from 172.21.0.1! Allowed networks: 127.0.0.1, ::1, 127.0.0.0/127.255.255.255
Processing by HamburguesasController#index as HTML
  Rendering hamburguesas/index.html.erb within layouts/application
  [1m[36mHamburguesa Load (0.9ms)[0m  [1m[34mSELECT "hamburguesas".* FROM "hamburguesas"[0m
  Rendered hamburguesas/index.html.erb within layouts/application (2.6ms)
Completed 200 OK in 26ms (Views: 24.8ms | ActiveRecord: 0.9ms)


Started GET "/hamburguesas" for 172.21.0.1 at 2020-04-28 02:07:08 +0000
Cannot render console from 172.21.0.1! Allowed networks: 127.0.0.1, ::1, 127.0.0.0/127.255.255.255
Processing by HamburguesasController#index as */*
  Rendering hamburguesas/index.html.erb within layouts/application
  [1m[36mHamburguesa Load (0.2ms)[0m  [1m[34mSELECT "hamburguesas".* FROM "hamburguesas"[0m
  Rendered hamburguesas/index.html.erb within layouts/application (1.5ms)
Completed 200 OK in 28ms (Views: 26.3ms | ActiveRecord: 0.2ms)


Started GET "/hamburguesas" for 172.21.0.1 at 2020-04-28 02:07:20 +0000
Cannot render console from 172.21.0.1! Allowed networks: 127.0.0.1, ::1, 127.0.0.0/127.255.255.255
Processing by HamburguesasController#index as HTML
  Rendering hamburguesas/index.html.erb within layouts/application
  [1m[36mHamburguesa Load (2.0ms)[0m  [1m[34mSELECT "hamburguesas".* FROM "hamburguesas"[0m
  Rendered hamburguesas/index.html.erb within layouts/application (3.6ms)
Completed 200 OK in 27ms (Views: 24.1ms | ActiveRecord: 2.0ms)


Started GET "/hamburguesas" for 172.21.0.1 at 2020-04-28 02:07:20 +0000
Cannot render console from 172.21.0.1! Allowed networks: 127.0.0.1, ::1, 127.0.0.0/127.255.255.255
Processing by HamburguesasController#index as */*
  Rendering hamburguesas/index.html.erb within layouts/application
  [1m[36mHamburguesa Load (0.2ms)[0m  [1m[34mSELECT "hamburguesas".* FROM "hamburguesas"[0m
  Rendered hamburguesas/index.html.erb within layouts/application (2.4ms)
Completed 200 OK in 47ms (Views: 43.6ms | ActiveRecord: 0.2ms)


Started GET "/hamburguesas/1" for 172.21.0.1 at 2020-04-28 02:07:29 +0000
Cannot render console from 172.21.0.1! Allowed networks: 127.0.0.1, ::1, 127.0.0.0/127.255.255.255
Processing by HamburguesasController#show as HTML
  Parameters: {"id"=>"1"}
  [1m[36mHamburguesa Load (1.3ms)[0m  [1m[34mSELECT  "hamburguesas".* FROM "hamburguesas" WHERE "hamburguesas"."id" = $1 LIMIT $2[0m  [["id", 1], ["LIMIT", 1]]
  Rendering hamburguesas/show.html.erb within layouts/application
  Rendered hamburguesas/show.html.erb within layouts/application (0.5ms)
Completed 200 OK in 34ms (Views: 27.4ms | ActiveRecord: 1.3ms)


Started GET "/hamburguesas" for 172.21.0.1 at 2020-04-28 02:07:29 +0000
Cannot render console from 172.21.0.1! Allowed networks: 127.0.0.1, ::1, 127.0.0.0/127.255.255.255
Processing by HamburguesasController#index as */*
  Rendering hamburguesas/index.html.erb within layouts/application
  [1m[36mHamburguesa Load (0.2ms)[0m  [1m[34mSELECT "hamburguesas".* FROM "hamburguesas"[0m
  Rendered hamburguesas/index.html.erb within layouts/application (2.8ms)
Completed 200 OK in 31ms (Views: 28.7ms | ActiveRecord: 0.2ms)


Started GET "/hamburguesas" for 172.21.0.1 at 2020-04-28 02:07:32 +0000
Cannot render console from 172.21.0.1! Allowed networks: 127.0.0.1, ::1, 127.0.0.0/127.255.255.255
Processing by HamburguesasController#index as HTML
  Rendering hamburguesas/index.html.erb within layouts/application
  [1m[36mHamburguesa Load (0.2ms)[0m  [1m[34mSELECT "hamburguesas".* FROM "hamburguesas"[0m
  Rendered hamburguesas/index.html.erb within layouts/application (4.1ms)
Completed 200 OK in 22ms (Views: 20.9ms | ActiveRecord: 0.2ms)


Started GET "/hamburguesas" for 172.21.0.1 at 2020-04-28 02:07:32 +0000
Cannot render console from 172.21.0.1! Allowed networks: 127.0.0.1, ::1, 127.0.0.0/127.255.255.255
Processing by HamburguesasController#index as */*
  Rendering hamburguesas/index.html.erb within layouts/application
  [1m[36mHamburguesa Load (0.2ms)[0m  [1m[34mSELECT "hamburguesas".* FROM "hamburguesas"[0m
  Rendered hamburguesas/index.html.erb within layouts/application (1.7ms)
Completed 200 OK in 27ms (Views: 24.2ms | ActiveRecord: 0.2ms)


Started GET "/hamburguesas" for 172.21.0.1 at 2020-04-28 02:07:55 +0000
Cannot render console from 172.21.0.1! Allowed networks: 127.0.0.1, ::1, 127.0.0.0/127.255.255.255
Processing by HamburguesasController#index as HTML
  Rendering hamburguesas/index.html.erb within layouts/application
  [1m[36mHamburguesa Load (0.2ms)[0m  [1m[34mSELECT "hamburguesas".* FROM "hamburguesas"[0m
  Rendered hamburguesas/index.html.erb within layouts/application (3.6ms)
Completed 200 OK in 23ms (Views: 22.0ms | ActiveRecord: 0.2ms)


Started GET "/hamburguesas" for 172.21.0.1 at 2020-04-28 02:07:55 +0000
Cannot render console from 172.21.0.1! Allowed networks: 127.0.0.1, ::1, 127.0.0.0/127.255.255.255
Processing by HamburguesasController#index as */*
  Rendering hamburguesas/index.html.erb within layouts/application
  [1m[36mHamburguesa Load (0.2ms)[0m  [1m[34mSELECT "hamburguesas".* FROM "hamburguesas"[0m
  Rendered hamburguesas/index.html.erb within layouts/application (3.1ms)
Completed 200 OK in 34ms (Views: 31.5ms | ActiveRecord: 0.2ms)


Started GET "/hamburguesas/1" for 172.21.0.1 at 2020-04-28 02:07:57 +0000
Cannot render console from 172.21.0.1! Allowed networks: 127.0.0.1, ::1, 127.0.0.0/127.255.255.255
Processing by HamburguesasController#show as HTML
  Parameters: {"id"=>"1"}
  [1m[36mHamburguesa Load (0.2ms)[0m  [1m[34mSELECT  "hamburguesas".* FROM "hamburguesas" WHERE "hamburguesas"."id" = $1 LIMIT $2[0m  [["id", 1], ["LIMIT", 1]]
  Rendering hamburguesas/show.html.erb within layouts/application
  Rendered hamburguesas/show.html.erb within layouts/application (0.5ms)
Completed 200 OK in 22ms (Views: 20.3ms | ActiveRecord: 0.2ms)


Started GET "/hamburguesas" for 172.21.0.1 at 2020-04-28 02:07:57 +0000
Cannot render console from 172.21.0.1! Allowed networks: 127.0.0.1, ::1, 127.0.0.0/127.255.255.255
Processing by HamburguesasController#index as */*
  Rendering hamburguesas/index.html.erb within layouts/application
  [1m[36mHamburguesa Load (0.2ms)[0m  [1m[34mSELECT "hamburguesas".* FROM "hamburguesas"[0m
  Rendered hamburguesas/index.html.erb within layouts/application (1.5ms)
Completed 200 OK in 34ms (Views: 26.9ms | ActiveRecord: 0.2ms)


Started GET "/hamburguesas" for 172.21.0.1 at 2020-04-28 02:08:05 +0000
Cannot render console from 172.21.0.1! Allowed networks: 127.0.0.1, ::1, 127.0.0.0/127.255.255.255
Processing by HamburguesasController#index as HTML
  Rendering hamburguesas/index.html.erb within layouts/application
  [1m[36mHamburguesa Load (0.2ms)[0m  [1m[34mSELECT "hamburguesas".* FROM "hamburguesas"[0m
  Rendered hamburguesas/index.html.erb within layouts/application (2.0ms)
Completed 200 OK in 23ms (Views: 22.0ms | ActiveRecord: 0.2ms)


Started GET "/hamburguesas" for 172.21.0.1 at 2020-04-28 02:08:05 +0000
Cannot render console from 172.21.0.1! Allowed networks: 127.0.0.1, ::1, 127.0.0.0/127.255.255.255
Processing by HamburguesasController#index as */*
  Rendering hamburguesas/index.html.erb within layouts/application
  [1m[36mHamburguesa Load (0.2ms)[0m  [1m[34mSELECT "hamburguesas".* FROM "hamburguesas"[0m
  Rendered hamburguesas/index.html.erb within layouts/application (4.5ms)
Completed 200 OK in 25ms (Views: 19.9ms | ActiveRecord: 0.2ms)


Started GET "/hamburguesas/new" for 172.21.0.1 at 2020-04-28 02:08:07 +0000
Cannot render console from 172.21.0.1! Allowed networks: 127.0.0.1, ::1, 127.0.0.0/127.255.255.255
Processing by HamburguesasController#new as HTML
  Rendering hamburguesas/new.html.erb within layouts/application
  Rendered hamburguesas/_form.html.erb (1.6ms)
  Rendered hamburguesas/new.html.erb within layouts/application (6.1ms)
Completed 200 OK in 24ms (Views: 23.0ms | ActiveRecord: 0.0ms)


Started GET "/hamburguesas" for 172.21.0.1 at 2020-04-28 02:08:07 +0000
Cannot render console from 172.21.0.1! Allowed networks: 127.0.0.1, ::1, 127.0.0.0/127.255.255.255
Processing by HamburguesasController#index as */*
  Rendering hamburguesas/index.html.erb within layouts/application
  [1m[36mHamburguesa Load (0.2ms)[0m  [1m[34mSELECT "hamburguesas".* FROM "hamburguesas"[0m
  Rendered hamburguesas/index.html.erb within layouts/application (1.6ms)
Completed 200 OK in 30ms (Views: 26.3ms | ActiveRecord: 0.2ms)


Started POST "/hamburguesas" for 172.21.0.1 at 2020-04-28 02:08:19 +0000
Cannot render console from 172.21.0.1! Allowed networks: 127.0.0.1, ::1, 127.0.0.0/127.255.255.255
Processing by HamburguesasController#create as HTML
  Parameters: {"utf8"=>"✓", "authenticity_token"=>"fnzh3uIYpIWtQWLu4LQ/VVS3Pzlqp9YDqIrW7hH14Ccc2BlHsbHQEo61XCqyvF9cjm5beAqRInAZw+324pC51Q==", "hamburguesa"=>{"nombre"=>"mcnifica", "precio"=>"3000", "descripcion"=>"buena"}, "commit"=>"Create Hamburguesa"}
  [1m[35m (0.1ms)[0m  [1m[35mBEGIN[0m
  [1m[35mSQL (0.3ms)[0m  [1m[32mINSERT INTO "hamburguesas" ("nombre", "precio", "descripcion", "created_at", "updated_at") VALUES ($1, $2, $3, $4, $5) RETURNING "id"[0m  [["nombre", "mcnifica"], ["precio", 3000], ["descripcion", "buena"], ["created_at", "2020-04-28 02:08:19.121546"], ["updated_at", "2020-04-28 02:08:19.121546"]]
  [1m[35m (2.2ms)[0m  [1m[35mCOMMIT[0m
Redirected to http://localhost:3000/hamburguesas/2
Completed 302 Found in 6ms (ActiveRecord: 2.6ms)


Started GET "/hamburguesas/2" for 172.21.0.1 at 2020-04-28 02:08:19 +0000
Cannot render console from 172.21.0.1! Allowed networks: 127.0.0.1, ::1, 127.0.0.0/127.255.255.255
Processing by HamburguesasController#show as HTML
  Parameters: {"id"=>"2"}
  [1m[36mHamburguesa Load (0.2ms)[0m  [1m[34mSELECT  "hamburguesas".* FROM "hamburguesas" WHERE "hamburguesas"."id" = $1 LIMIT $2[0m  [["id", 2], ["LIMIT", 1]]
  Rendering hamburguesas/show.html.erb within layouts/application
  Rendered hamburguesas/show.html.erb within layouts/application (0.5ms)
Completed 200 OK in 23ms (Views: 21.3ms | ActiveRecord: 0.2ms)


Started GET "/hamburguesas/2" for 172.21.0.1 at 2020-04-28 02:08:19 +0000
Cannot render console from 172.21.0.1! Allowed networks: 127.0.0.1, ::1, 127.0.0.0/127.255.255.255
Processing by HamburguesasController#show as */*
  Parameters: {"id"=>"2"}
  [1m[36mHamburguesa Load (0.2ms)[0m  [1m[34mSELECT  "hamburguesas".* FROM "hamburguesas" WHERE "hamburguesas"."id" = $1 LIMIT $2[0m  [["id", 2], ["LIMIT", 1]]
  Rendering hamburguesas/show.html.erb within layouts/application
  Rendered hamburguesas/show.html.erb within layouts/application (0.6ms)
Completed 200 OK in 29ms (Views: 23.5ms | ActiveRecord: 0.2ms)


Started GET "/hamburguesas" for 172.21.0.1 at 2020-04-28 02:26:16 +0000
Cannot render console from 172.21.0.1! Allowed networks: 127.0.0.1, ::1, 127.0.0.0/127.255.255.255
Processing by HamburguesasController#index as HTML
  Rendering hamburguesas/index.html.erb within layouts/application
  [1m[36mHamburguesa Load (0.3ms)[0m  [1m[34mSELECT "hamburguesas".* FROM "hamburguesas"[0m
  Rendered hamburguesas/index.html.erb within layouts/application (6.2ms)
Completed 200 OK in 35ms (Views: 33.0ms | ActiveRecord: 0.3ms)


Started GET "/hamburguesas" for 172.21.0.1 at 2020-04-28 02:26:16 +0000
Cannot render console from 172.21.0.1! Allowed networks: 127.0.0.1, ::1, 127.0.0.0/127.255.255.255
Processing by HamburguesasController#index as */*
  Rendering hamburguesas/index.html.erb within layouts/application
  [1m[36mHamburguesa Load (1.6ms)[0m  [1m[34mSELECT "hamburguesas".* FROM "hamburguesas"[0m
  Rendered hamburguesas/index.html.erb within layouts/application (3.6ms)
Completed 200 OK in 44ms (Views: 38.6ms | ActiveRecord: 1.6ms)


Started GET "/hamburguesa" for 172.21.0.1 at 2020-04-28 02:26:49 +0000
Cannot render console from 172.21.0.1! Allowed networks: 127.0.0.1, ::1, 127.0.0.0/127.255.255.255
  
ActionController::RoutingError (No route matches [GET] "/hamburguesa"):
  
actionpack (5.1.7) lib/action_dispatch/middleware/debug_exceptions.rb:63:in `call'
web-console (3.7.0) lib/web_console/middleware.rb:135:in `call_app'
web-console (3.7.0) lib/web_console/middleware.rb:22:in `block in call'
web-console (3.7.0) lib/web_console/middleware.rb:20:in `catch'
web-console (3.7.0) lib/web_console/middleware.rb:20:in `call'
actionpack (5.1.7) lib/action_dispatch/middleware/show_exceptions.rb:31:in `call'
railties (5.1.7) lib/rails/rack/logger.rb:36:in `call_app'
railties (5.1.7) lib/rails/rack/logger.rb:24:in `block in call'
activesupport (5.1.7) lib/active_support/tagged_logging.rb:69:in `block in tagged'
activesupport (5.1.7) lib/active_support/tagged_logging.rb:26:in `tagged'
activesupport (5.1.7) lib/active_support/tagged_logging.rb:69:in `tagged'
railties (5.1.7) lib/rails/rack/logger.rb:24:in `call'
sprockets-rails (3.2.1) lib/sprockets/rails/quiet_assets.rb:13:in `call'
actionpack (5.1.7) lib/action_dispatch/middleware/remote_ip.rb:79:in `call'
actionpack (5.1.7) lib/action_dispatch/middleware/request_id.rb:25:in `call'
rack (2.2.2) lib/rack/method_override.rb:24:in `call'
rack (2.2.2) lib/rack/runtime.rb:22:in `call'
activesupport (5.1.7) lib/active_support/cache/strategy/local_cache_middleware.rb:27:in `call'
actionpack (5.1.7) lib/action_dispatch/middleware/executor.rb:12:in `call'
actionpack (5.1.7) lib/action_dispatch/middleware/static.rb:125:in `call'
rack (2.2.2) lib/rack/sendfile.rb:110:in `call'
railties (5.1.7) lib/rails/engine.rb:522:in `call'
puma (3.12.4) lib/puma/configuration.rb:227:in `call'
puma (3.12.4) lib/puma/server.rb:675:in `handle_request'
puma (3.12.4) lib/puma/server.rb:476:in `process_client'
puma (3.12.4) lib/puma/server.rb:334:in `block in run'
puma (3.12.4) lib/puma/thread_pool.rb:135:in `block in spawn_thread'
Started GET "/hamburguesa" for 172.21.0.1 at 2020-04-28 02:26:49 +0000
Cannot render console from 172.21.0.1! Allowed networks: 127.0.0.1, ::1, 127.0.0.0/127.255.255.255
  
ActionController::RoutingError (No route matches [GET] "/hamburguesa"):
  
actionpack (5.1.7) lib/action_dispatch/middleware/debug_exceptions.rb:63:in `call'
web-console (3.7.0) lib/web_console/middleware.rb:135:in `call_app'
web-console (3.7.0) lib/web_console/middleware.rb:22:in `block in call'
web-console (3.7.0) lib/web_console/middleware.rb:20:in `catch'
web-console (3.7.0) lib/web_console/middleware.rb:20:in `call'
actionpack (5.1.7) lib/action_dispatch/middleware/show_exceptions.rb:31:in `call'
railties (5.1.7) lib/rails/rack/logger.rb:36:in `call_app'
railties (5.1.7) lib/rails/rack/logger.rb:24:in `block in call'
activesupport (5.1.7) lib/active_support/tagged_logging.rb:69:in `block in tagged'
activesupport (5.1.7) lib/active_support/tagged_logging.rb:26:in `tagged'
activesupport (5.1.7) lib/active_support/tagged_logging.rb:69:in `tagged'
railties (5.1.7) lib/rails/rack/logger.rb:24:in `call'
sprockets-rails (3.2.1) lib/sprockets/rails/quiet_assets.rb:13:in `call'
actionpack (5.1.7) lib/action_dispatch/middleware/remote_ip.rb:79:in `call'
actionpack (5.1.7) lib/action_dispatch/middleware/request_id.rb:25:in `call'
rack (2.2.2) lib/rack/method_override.rb:24:in `call'
rack (2.2.2) lib/rack/runtime.rb:22:in `call'
activesupport (5.1.7) lib/active_support/cache/strategy/local_cache_middleware.rb:27:in `call'
actionpack (5.1.7) lib/action_dispatch/middleware/executor.rb:12:in `call'
actionpack (5.1.7) lib/action_dispatch/middleware/static.rb:125:in `call'
rack (2.2.2) lib/rack/sendfile.rb:110:in `call'
railties (5.1.7) lib/rails/engine.rb:522:in `call'
puma (3.12.4) lib/puma/configuration.rb:227:in `call'
puma (3.12.4) lib/puma/server.rb:675:in `handle_request'
puma (3.12.4) lib/puma/server.rb:476:in `process_client'
puma (3.12.4) lib/puma/server.rb:334:in `block in run'
puma (3.12.4) lib/puma/thread_pool.rb:135:in `block in spawn_thread'
Started GET "/hamburguesas" for 172.21.0.1 at 2020-04-28 03:07:04 +0000
Cannot render console from 172.21.0.1! Allowed networks: 127.0.0.1, ::1, 127.0.0.0/127.255.255.255
Processing by HamburguesasController#index as HTML
  [1m[36mHamburguesa Load (0.4ms)[0m  [1m[34mSELECT "hamburguesas".* FROM "hamburguesas"[0m
Completed 200 OK in 41ms (Views: 21.1ms | ActiveRecord: 9.9ms)


Started GET "/hamburguesas" for 172.21.0.1 at 2020-04-28 03:07:05 +0000
Cannot render console from 172.21.0.1! Allowed networks: 127.0.0.1, ::1, 127.0.0.0/127.255.255.255
Processing by HamburguesasController#index as */*
  [1m[36mHamburguesa Load (0.4ms)[0m  [1m[34mSELECT "hamburguesas".* FROM "hamburguesas"[0m
Completed 200 OK in 6ms (Views: 4.9ms | ActiveRecord: 0.4ms)


Started GET "/hamburguesas/routes" for 172.21.0.1 at 2020-04-28 03:08:05 +0000
Cannot render console from 172.21.0.1! Allowed networks: 127.0.0.1, ::1, 127.0.0.0/127.255.255.255
Processing by HamburguesasController#show as HTML
  Parameters: {"id"=>"routes"}
  [1m[36mHamburguesa Load (0.3ms)[0m  [1m[34mSELECT  "hamburguesas".* FROM "hamburguesas" WHERE "hamburguesas"."id" = $1 LIMIT $2[0m  [["id", 0], ["LIMIT", 1]]
Completed 404 Not Found in 8ms (ActiveRecord: 0.3ms)


  
ActiveRecord::RecordNotFound (Couldn't find Hamburguesa with 'id'=routes):
  
app/controllers/hamburguesas_controller.rb:70:in `set_hamburguesa'
Started GET "/hamburguesas/routes" for 172.21.0.1 at 2020-04-28 03:08:05 +0000
Cannot render console from 172.21.0.1! Allowed networks: 127.0.0.1, ::1, 127.0.0.0/127.255.255.255
Processing by HamburguesasController#show as */*
  Parameters: {"id"=>"routes"}
  [1m[36mHamburguesa Load (0.4ms)[0m  [1m[34mSELECT  "hamburguesas".* FROM "hamburguesas" WHERE "hamburguesas"."id" = $1 LIMIT $2[0m  [["id", 0], ["LIMIT", 1]]
Completed 404 Not Found in 4ms (ActiveRecord: 0.4ms)


  
ActiveRecord::RecordNotFound (Couldn't find Hamburguesa with 'id'=routes):
  
app/controllers/hamburguesas_controller.rb:70:in `set_hamburguesa'
Started GET "/routes" for 172.21.0.1 at 2020-04-28 03:08:16 +0000
Cannot render console from 172.21.0.1! Allowed networks: 127.0.0.1, ::1, 127.0.0.0/127.255.255.255
  
ActionController::RoutingError (No route matches [GET] "/routes"):
  
actionpack (5.1.7) lib/action_dispatch/middleware/debug_exceptions.rb:63:in `call'
web-console (3.7.0) lib/web_console/middleware.rb:135:in `call_app'
web-console (3.7.0) lib/web_console/middleware.rb:22:in `block in call'
web-console (3.7.0) lib/web_console/middleware.rb:20:in `catch'
web-console (3.7.0) lib/web_console/middleware.rb:20:in `call'
actionpack (5.1.7) lib/action_dispatch/middleware/show_exceptions.rb:31:in `call'
railties (5.1.7) lib/rails/rack/logger.rb:36:in `call_app'
railties (5.1.7) lib/rails/rack/logger.rb:24:in `block in call'
activesupport (5.1.7) lib/active_support/tagged_logging.rb:69:in `block in tagged'
activesupport (5.1.7) lib/active_support/tagged_logging.rb:26:in `tagged'
activesupport (5.1.7) lib/active_support/tagged_logging.rb:69:in `tagged'
railties (5.1.7) lib/rails/rack/logger.rb:24:in `call'
sprockets-rails (3.2.1) lib/sprockets/rails/quiet_assets.rb:13:in `call'
actionpack (5.1.7) lib/action_dispatch/middleware/remote_ip.rb:79:in `call'
actionpack (5.1.7) lib/action_dispatch/middleware/request_id.rb:25:in `call'
rack (2.2.2) lib/rack/method_override.rb:24:in `call'
rack (2.2.2) lib/rack/runtime.rb:22:in `call'
activesupport (5.1.7) lib/active_support/cache/strategy/local_cache_middleware.rb:27:in `call'
actionpack (5.1.7) lib/action_dispatch/middleware/executor.rb:12:in `call'
actionpack (5.1.7) lib/action_dispatch/middleware/static.rb:125:in `call'
rack (2.2.2) lib/rack/sendfile.rb:110:in `call'
railties (5.1.7) lib/rails/engine.rb:522:in `call'
puma (3.12.4) lib/puma/configuration.rb:227:in `call'
puma (3.12.4) lib/puma/server.rb:675:in `handle_request'
puma (3.12.4) lib/puma/server.rb:476:in `process_client'
puma (3.12.4) lib/puma/server.rb:334:in `block in run'
puma (3.12.4) lib/puma/thread_pool.rb:135:in `block in spawn_thread'
Started GET "/routes" for 172.21.0.1 at 2020-04-28 03:08:16 +0000
Cannot render console from 172.21.0.1! Allowed networks: 127.0.0.1, ::1, 127.0.0.0/127.255.255.255
  
ActionController::RoutingError (No route matches [GET] "/routes"):
  
actionpack (5.1.7) lib/action_dispatch/middleware/debug_exceptions.rb:63:in `call'
web-console (3.7.0) lib/web_console/middleware.rb:135:in `call_app'
web-console (3.7.0) lib/web_console/middleware.rb:22:in `block in call'
web-console (3.7.0) lib/web_console/middleware.rb:20:in `catch'
web-console (3.7.0) lib/web_console/middleware.rb:20:in `call'
actionpack (5.1.7) lib/action_dispatch/middleware/show_exceptions.rb:31:in `call'
railties (5.1.7) lib/rails/rack/logger.rb:36:in `call_app'
railties (5.1.7) lib/rails/rack/logger.rb:24:in `block in call'
activesupport (5.1.7) lib/active_support/tagged_logging.rb:69:in `block in tagged'
activesupport (5.1.7) lib/active_support/tagged_logging.rb:26:in `tagged'
activesupport (5.1.7) lib/active_support/tagged_logging.rb:69:in `tagged'
railties (5.1.7) lib/rails/rack/logger.rb:24:in `call'
sprockets-rails (3.2.1) lib/sprockets/rails/quiet_assets.rb:13:in `call'
actionpack (5.1.7) lib/action_dispatch/middleware/remote_ip.rb:79:in `call'
actionpack (5.1.7) lib/action_dispatch/middleware/request_id.rb:25:in `call'
rack (2.2.2) lib/rack/method_override.rb:24:in `call'
rack (2.2.2) lib/rack/runtime.rb:22:in `call'
activesupport (5.1.7) lib/active_support/cache/strategy/local_cache_middleware.rb:27:in `call'
actionpack (5.1.7) lib/action_dispatch/middleware/executor.rb:12:in `call'
actionpack (5.1.7) lib/action_dispatch/middleware/static.rb:125:in `call'
rack (2.2.2) lib/rack/sendfile.rb:110:in `call'
railties (5.1.7) lib/rails/engine.rb:522:in `call'
puma (3.12.4) lib/puma/configuration.rb:227:in `call'
puma (3.12.4) lib/puma/server.rb:675:in `handle_request'
puma (3.12.4) lib/puma/server.rb:476:in `process_client'
puma (3.12.4) lib/puma/server.rb:334:in `block in run'
puma (3.12.4) lib/puma/thread_pool.rb:135:in `block in spawn_thread'
